[0.025s] Invoking command in '/home/omri/turtlebot3_ws/build/turtlebot3_fake_node': CMAKE_PREFIX_PATH=${CMAKE_PREFIX_PATH}:/home/omri/ros2_ws/install/usb_camera:/home/omri/ros2_ws/install/turtlesim_catch_them_all:/home/omri/ros2_ws/install/turtlesim_camera:/home/omri/ros2_ws/install/turtle_position:/home/omri/ros2_ws/install/servo_tracker:/home/omri/ros2_ws/install/real_camera:/home/omri/ros2_ws/install/my_py_pkg:/home/omri/ros2_ws/install/actions_py:/home/omri/install/usb_camera:/home/omri/install/turtlesim_position:/home/omri/install/turtle_position:/home/omri/install/my_py_pkg:/home/omri/install/my_package:/opt/ros/humble /home/omri/.local/bin/cmake --build /home/omri/turtlebot3_ws/build/turtlebot3_fake_node -- -j8 -l8
[0.124s] [100%] Built target turtlebot3_fake_node
[0.139s] Invoked command in '/home/omri/turtlebot3_ws/build/turtlebot3_fake_node' returned '0': CMAKE_PREFIX_PATH=${CMAKE_PREFIX_PATH}:/home/omri/ros2_ws/install/usb_camera:/home/omri/ros2_ws/install/turtlesim_catch_them_all:/home/omri/ros2_ws/install/turtlesim_camera:/home/omri/ros2_ws/install/turtle_position:/home/omri/ros2_ws/install/servo_tracker:/home/omri/ros2_ws/install/real_camera:/home/omri/ros2_ws/install/my_py_pkg:/home/omri/ros2_ws/install/actions_py:/home/omri/install/usb_camera:/home/omri/install/turtlesim_position:/home/omri/install/turtle_position:/home/omri/install/my_py_pkg:/home/omri/install/my_package:/opt/ros/humble /home/omri/.local/bin/cmake --build /home/omri/turtlebot3_ws/build/turtlebot3_fake_node -- -j8 -l8
[0.263s] Invoking command in '/home/omri/turtlebot3_ws/build/turtlebot3_fake_node': CMAKE_PREFIX_PATH=${CMAKE_PREFIX_PATH}:/home/omri/ros2_ws/install/usb_camera:/home/omri/ros2_ws/install/turtlesim_catch_them_all:/home/omri/ros2_ws/install/turtlesim_camera:/home/omri/ros2_ws/install/turtle_position:/home/omri/ros2_ws/install/servo_tracker:/home/omri/ros2_ws/install/real_camera:/home/omri/ros2_ws/install/my_py_pkg:/home/omri/ros2_ws/install/actions_py:/home/omri/install/usb_camera:/home/omri/install/turtlesim_position:/home/omri/install/turtle_position:/home/omri/install/my_py_pkg:/home/omri/install/my_package:/opt/ros/humble /home/omri/.local/bin/cmake --install /home/omri/turtlebot3_ws/build/turtlebot3_fake_node
[0.306s] -- Install configuration: ""
[0.307s] -- Up-to-date: /home/omri/turtlebot3_ws/install/turtlebot3_fake_node/lib/turtlebot3_fake_node/turtlebot3_fake_node
[0.307s] -- Up-to-date: /home/omri/turtlebot3_ws/install/turtlebot3_fake_node/share/turtlebot3_fake_node/launch
[0.308s] -- Up-to-date: /home/omri/turtlebot3_ws/install/turtlebot3_fake_node/share/turtlebot3_fake_node/launch/rviz2.launch.py
[0.308s] -- Up-to-date: /home/omri/turtlebot3_ws/install/turtlebot3_fake_node/share/turtlebot3_fake_node/launch/turtlebot3_fake_node.launch.py
[0.308s] -- Up-to-date: /home/omri/turtlebot3_ws/install/turtlebot3_fake_node/share/turtlebot3_fake_node/param
[0.308s] -- Up-to-date: /home/omri/turtlebot3_ws/install/turtlebot3_fake_node/share/turtlebot3_fake_node/param/waffle.yaml
[0.308s] -- Up-to-date: /home/omri/turtlebot3_ws/install/turtlebot3_fake_node/share/turtlebot3_fake_node/param/burger.yaml
[0.308s] -- Up-to-date: /home/omri/turtlebot3_ws/install/turtlebot3_fake_node/share/turtlebot3_fake_node/param/waffle_pi.yaml
[0.308s] -- Up-to-date: /home/omri/turtlebot3_ws/install/turtlebot3_fake_node/include/
[0.308s] -- Up-to-date: /home/omri/turtlebot3_ws/install/turtlebot3_fake_node/include//turtlebot3_fake_node
[0.309s] -- Up-to-date: /home/omri/turtlebot3_ws/install/turtlebot3_fake_node/include//turtlebot3_fake_node/turtlebot3_fake_node.hpp
[0.309s] -- Up-to-date: /home/omri/turtlebot3_ws/install/turtlebot3_fake_node/share/ament_index/resource_index/package_run_dependencies/turtlebot3_fake_node
[0.310s] -- Up-to-date: /home/omri/turtlebot3_ws/install/turtlebot3_fake_node/share/ament_index/resource_index/parent_prefix_path/turtlebot3_fake_node
[0.310s] -- Up-to-date: /home/omri/turtlebot3_ws/install/turtlebot3_fake_node/share/turtlebot3_fake_node/environment/ament_prefix_path.sh
[0.310s] -- Up-to-date: /home/omri/turtlebot3_ws/install/turtlebot3_fake_node/share/turtlebot3_fake_node/environment/ament_prefix_path.dsv
[0.310s] -- Up-to-date: /home/omri/turtlebot3_ws/install/turtlebot3_fake_node/share/turtlebot3_fake_node/environment/path.sh
[0.310s] -- Up-to-date: /home/omri/turtlebot3_ws/install/turtlebot3_fake_node/share/turtlebot3_fake_node/environment/path.dsv
[0.311s] -- Up-to-date: /home/omri/turtlebot3_ws/install/turtlebot3_fake_node/share/turtlebot3_fake_node/local_setup.bash
[0.311s] -- Up-to-date: /home/omri/turtlebot3_ws/install/turtlebot3_fake_node/share/turtlebot3_fake_node/local_setup.sh
[0.311s] -- Up-to-date: /home/omri/turtlebot3_ws/install/turtlebot3_fake_node/share/turtlebot3_fake_node/local_setup.zsh
[0.311s] -- Up-to-date: /home/omri/turtlebot3_ws/install/turtlebot3_fake_node/share/turtlebot3_fake_node/local_setup.dsv
[0.311s] -- Installing: /home/omri/turtlebot3_ws/install/turtlebot3_fake_node/share/turtlebot3_fake_node/package.dsv
[0.311s] -- Up-to-date: /home/omri/turtlebot3_ws/install/turtlebot3_fake_node/share/ament_index/resource_index/packages/turtlebot3_fake_node
[0.311s] -- Up-to-date: /home/omri/turtlebot3_ws/install/turtlebot3_fake_node/share/turtlebot3_fake_node/cmake/ament_cmake_export_include_directories-extras.cmake
[0.312s] -- Up-to-date: /home/omri/turtlebot3_ws/install/turtlebot3_fake_node/share/turtlebot3_fake_node/cmake/ament_cmake_export_dependencies-extras.cmake
[0.312s] -- Up-to-date: /home/omri/turtlebot3_ws/install/turtlebot3_fake_node/share/turtlebot3_fake_node/cmake/turtlebot3_fake_nodeConfig.cmake
[0.312s] -- Up-to-date: /home/omri/turtlebot3_ws/install/turtlebot3_fake_node/share/turtlebot3_fake_node/cmake/turtlebot3_fake_nodeConfig-version.cmake
[0.312s] -- Up-to-date: /home/omri/turtlebot3_ws/install/turtlebot3_fake_node/share/turtlebot3_fake_node/package.xml
[0.322s] Invoked command in '/home/omri/turtlebot3_ws/build/turtlebot3_fake_node' returned '0': CMAKE_PREFIX_PATH=${CMAKE_PREFIX_PATH}:/home/omri/ros2_ws/install/usb_camera:/home/omri/ros2_ws/install/turtlesim_catch_them_all:/home/omri/ros2_ws/install/turtlesim_camera:/home/omri/ros2_ws/install/turtle_position:/home/omri/ros2_ws/install/servo_tracker:/home/omri/ros2_ws/install/real_camera:/home/omri/ros2_ws/install/my_py_pkg:/home/omri/ros2_ws/install/actions_py:/home/omri/install/usb_camera:/home/omri/install/turtlesim_position:/home/omri/install/turtle_position:/home/omri/install/my_py_pkg:/home/omri/install/my_package:/opt/ros/humble /home/omri/.local/bin/cmake --install /home/omri/turtlebot3_ws/build/turtlebot3_fake_node
