[0.014s] Invoking command in '/home/omri/turtlebot3_ws/build/turtlebot3_simulations': AMENT_PREFIX_PATH=/home/omri/turtlebot3_ws/install/turtlebot3_gazebo:/home/omri/turtlebot3_ws/install/turtlebot3_fake_node:${AMENT_PREFIX_PATH} CMAKE_PREFIX_PATH=/home/omri/turtlebot3_ws/install/turtlebot3_gazebo:/home/omri/turtlebot3_ws/install/turtlebot3_fake_node:/home/omri/ros2_ws/install/my_robot_bringup:/home/omri/ros2_ws/install/turtlesim:/home/omri/ros2_ws/install/my_robot_interfaces:/home/omri/ros2_ws/install/my_robot_description:/home/omri/ros2_ws/install/my_cpp_pkg:/home/omri/ros2_ws/install/usb_camera:/home/omri/ros2_ws/install/turtlesim_catch_them_all:/home/omri/ros2_ws/install/turtlesim_camera:/home/omri/ros2_ws/install/turtle_position:/home/omri/ros2_ws/install/servo_tracker:/home/omri/ros2_ws/install/real_camera:/home/omri/ros2_ws/install/my_py_pkg:/home/omri/ros2_ws/install/actions_py:/home/omri/install/usb_camera:/home/omri/install/turtlesim_position:/home/omri/install/turtle_position:/home/omri/install/my_py_pkg:/home/omri/install/my_package:/opt/ros/humble /home/omri/.local/bin/cmake /home/omri/turtlebot3_ws/src/turtlebot3_simulations -DCMAKE_INSTALL_PREFIX=/home/omri/turtlebot3_ws/install/turtlebot3_simulations
[0.111s] -- The C compiler identification is GNU 11.4.0
[0.186s] -- The CXX compiler identification is GNU 11.4.0
[0.211s] -- Detecting C compiler ABI info
[0.283s] -- Detecting C compiler ABI info - done
[0.297s] -- Check for working C compiler: /usr/bin/cc - skipped
[0.297s] -- Detecting C compile features
[0.298s] -- Detecting C compile features - done
[0.308s] -- Detecting CXX compiler ABI info
[0.396s] -- Detecting CXX compiler ABI info - done
[0.415s] -- Check for working CXX compiler: /usr/bin/c++ - skipped
[0.415s] -- Detecting CXX compile features
[0.416s] -- Detecting CXX compile features - done
[0.422s] -- Found ament_cmake: 1.3.10 (/opt/ros/humble/share/ament_cmake/cmake)
[0.626s] -- Found Python3: /usr/bin/python3 (found version "3.10.12") found components: Interpreter 
[0.865s] -- Configuring done (0.8s)
[0.869s] -- Generating done (0.0s)
[0.870s] -- Build files have been written to: /home/omri/turtlebot3_ws/build/turtlebot3_simulations
[0.880s] Invoked command in '/home/omri/turtlebot3_ws/build/turtlebot3_simulations' returned '0': AMENT_PREFIX_PATH=/home/omri/turtlebot3_ws/install/turtlebot3_gazebo:/home/omri/turtlebot3_ws/install/turtlebot3_fake_node:${AMENT_PREFIX_PATH} CMAKE_PREFIX_PATH=/home/omri/turtlebot3_ws/install/turtlebot3_gazebo:/home/omri/turtlebot3_ws/install/turtlebot3_fake_node:/home/omri/ros2_ws/install/my_robot_bringup:/home/omri/ros2_ws/install/turtlesim:/home/omri/ros2_ws/install/my_robot_interfaces:/home/omri/ros2_ws/install/my_robot_description:/home/omri/ros2_ws/install/my_cpp_pkg:/home/omri/ros2_ws/install/usb_camera:/home/omri/ros2_ws/install/turtlesim_catch_them_all:/home/omri/ros2_ws/install/turtlesim_camera:/home/omri/ros2_ws/install/turtle_position:/home/omri/ros2_ws/install/servo_tracker:/home/omri/ros2_ws/install/real_camera:/home/omri/ros2_ws/install/my_py_pkg:/home/omri/ros2_ws/install/actions_py:/home/omri/install/usb_camera:/home/omri/install/turtlesim_position:/home/omri/install/turtle_position:/home/omri/install/my_py_pkg:/home/omri/install/my_package:/opt/ros/humble /home/omri/.local/bin/cmake /home/omri/turtlebot3_ws/src/turtlebot3_simulations -DCMAKE_INSTALL_PREFIX=/home/omri/turtlebot3_ws/install/turtlebot3_simulations
[0.882s] Invoking command in '/home/omri/turtlebot3_ws/build/turtlebot3_simulations': AMENT_PREFIX_PATH=/home/omri/turtlebot3_ws/install/turtlebot3_gazebo:/home/omri/turtlebot3_ws/install/turtlebot3_fake_node:${AMENT_PREFIX_PATH} CMAKE_PREFIX_PATH=/home/omri/turtlebot3_ws/install/turtlebot3_gazebo:/home/omri/turtlebot3_ws/install/turtlebot3_fake_node:/home/omri/ros2_ws/install/my_robot_bringup:/home/omri/ros2_ws/install/turtlesim:/home/omri/ros2_ws/install/my_robot_interfaces:/home/omri/ros2_ws/install/my_robot_description:/home/omri/ros2_ws/install/my_cpp_pkg:/home/omri/ros2_ws/install/usb_camera:/home/omri/ros2_ws/install/turtlesim_catch_them_all:/home/omri/ros2_ws/install/turtlesim_camera:/home/omri/ros2_ws/install/turtle_position:/home/omri/ros2_ws/install/servo_tracker:/home/omri/ros2_ws/install/real_camera:/home/omri/ros2_ws/install/my_py_pkg:/home/omri/ros2_ws/install/actions_py:/home/omri/install/usb_camera:/home/omri/install/turtlesim_position:/home/omri/install/turtle_position:/home/omri/install/my_py_pkg:/home/omri/install/my_package:/opt/ros/humble /home/omri/.local/bin/cmake --build /home/omri/turtlebot3_ws/build/turtlebot3_simulations -- -j8 -l8
[0.942s] Invoked command in '/home/omri/turtlebot3_ws/build/turtlebot3_simulations' returned '0': AMENT_PREFIX_PATH=/home/omri/turtlebot3_ws/install/turtlebot3_gazebo:/home/omri/turtlebot3_ws/install/turtlebot3_fake_node:${AMENT_PREFIX_PATH} CMAKE_PREFIX_PATH=/home/omri/turtlebot3_ws/install/turtlebot3_gazebo:/home/omri/turtlebot3_ws/install/turtlebot3_fake_node:/home/omri/ros2_ws/install/my_robot_bringup:/home/omri/ros2_ws/install/turtlesim:/home/omri/ros2_ws/install/my_robot_interfaces:/home/omri/ros2_ws/install/my_robot_description:/home/omri/ros2_ws/install/my_cpp_pkg:/home/omri/ros2_ws/install/usb_camera:/home/omri/ros2_ws/install/turtlesim_catch_them_all:/home/omri/ros2_ws/install/turtlesim_camera:/home/omri/ros2_ws/install/turtle_position:/home/omri/ros2_ws/install/servo_tracker:/home/omri/ros2_ws/install/real_camera:/home/omri/ros2_ws/install/my_py_pkg:/home/omri/ros2_ws/install/actions_py:/home/omri/install/usb_camera:/home/omri/install/turtlesim_position:/home/omri/install/turtle_position:/home/omri/install/my_py_pkg:/home/omri/install/my_package:/opt/ros/humble /home/omri/.local/bin/cmake --build /home/omri/turtlebot3_ws/build/turtlebot3_simulations -- -j8 -l8
[1.016s] Invoking command in '/home/omri/turtlebot3_ws/build/turtlebot3_simulations': AMENT_PREFIX_PATH=/home/omri/turtlebot3_ws/install/turtlebot3_gazebo:/home/omri/turtlebot3_ws/install/turtlebot3_fake_node:${AMENT_PREFIX_PATH} CMAKE_PREFIX_PATH=/home/omri/turtlebot3_ws/install/turtlebot3_gazebo:/home/omri/turtlebot3_ws/install/turtlebot3_fake_node:/home/omri/ros2_ws/install/my_robot_bringup:/home/omri/ros2_ws/install/turtlesim:/home/omri/ros2_ws/install/my_robot_interfaces:/home/omri/ros2_ws/install/my_robot_description:/home/omri/ros2_ws/install/my_cpp_pkg:/home/omri/ros2_ws/install/usb_camera:/home/omri/ros2_ws/install/turtlesim_catch_them_all:/home/omri/ros2_ws/install/turtlesim_camera:/home/omri/ros2_ws/install/turtle_position:/home/omri/ros2_ws/install/servo_tracker:/home/omri/ros2_ws/install/real_camera:/home/omri/ros2_ws/install/my_py_pkg:/home/omri/ros2_ws/install/actions_py:/home/omri/install/usb_camera:/home/omri/install/turtlesim_position:/home/omri/install/turtle_position:/home/omri/install/my_py_pkg:/home/omri/install/my_package:/opt/ros/humble /home/omri/.local/bin/cmake --install /home/omri/turtlebot3_ws/build/turtlebot3_simulations
[1.066s] -- Install configuration: ""
[1.066s] -- Installing: /home/omri/turtlebot3_ws/install/turtlebot3_simulations/share/ament_index/resource_index/package_run_dependencies/turtlebot3_simulations
[1.067s] -- Installing: /home/omri/turtlebot3_ws/install/turtlebot3_simulations/share/ament_index/resource_index/parent_prefix_path/turtlebot3_simulations
[1.067s] -- Installing: /home/omri/turtlebot3_ws/install/turtlebot3_simulations/share/turtlebot3_simulations/environment/ament_prefix_path.sh
[1.067s] -- Installing: /home/omri/turtlebot3_ws/install/turtlebot3_simulations/share/turtlebot3_simulations/environment/ament_prefix_path.dsv
[1.067s] -- Installing: /home/omri/turtlebot3_ws/install/turtlebot3_simulations/share/turtlebot3_simulations/environment/path.sh
[1.067s] -- Installing: /home/omri/turtlebot3_ws/install/turtlebot3_simulations/share/turtlebot3_simulations/environment/path.dsv
[1.067s] -- Installing: /home/omri/turtlebot3_ws/install/turtlebot3_simulations/share/turtlebot3_simulations/local_setup.bash
[1.068s] -- Installing: /home/omri/turtlebot3_ws/install/turtlebot3_simulations/share/turtlebot3_simulations/local_setup.sh
[1.068s] -- Installing: /home/omri/turtlebot3_ws/install/turtlebot3_simulations/share/turtlebot3_simulations/local_setup.zsh
[1.068s] -- Installing: /home/omri/turtlebot3_ws/install/turtlebot3_simulations/share/turtlebot3_simulations/local_setup.dsv
[1.068s] -- Installing: /home/omri/turtlebot3_ws/install/turtlebot3_simulations/share/turtlebot3_simulations/package.dsv
[1.068s] -- Installing: /home/omri/turtlebot3_ws/install/turtlebot3_simulations/share/ament_index/resource_index/packages/turtlebot3_simulations
[1.069s] -- Installing: /home/omri/turtlebot3_ws/install/turtlebot3_simulations/share/turtlebot3_simulations/cmake/turtlebot3_simulationsConfig.cmake
[1.069s] -- Installing: /home/omri/turtlebot3_ws/install/turtlebot3_simulations/share/turtlebot3_simulations/cmake/turtlebot3_simulationsConfig-version.cmake
[1.069s] -- Installing: /home/omri/turtlebot3_ws/install/turtlebot3_simulations/share/turtlebot3_simulations/package.xml
[1.080s] Invoked command in '/home/omri/turtlebot3_ws/build/turtlebot3_simulations' returned '0': AMENT_PREFIX_PATH=/home/omri/turtlebot3_ws/install/turtlebot3_gazebo:/home/omri/turtlebot3_ws/install/turtlebot3_fake_node:${AMENT_PREFIX_PATH} CMAKE_PREFIX_PATH=/home/omri/turtlebot3_ws/install/turtlebot3_gazebo:/home/omri/turtlebot3_ws/install/turtlebot3_fake_node:/home/omri/ros2_ws/install/my_robot_bringup:/home/omri/ros2_ws/install/turtlesim:/home/omri/ros2_ws/install/my_robot_interfaces:/home/omri/ros2_ws/install/my_robot_description:/home/omri/ros2_ws/install/my_cpp_pkg:/home/omri/ros2_ws/install/usb_camera:/home/omri/ros2_ws/install/turtlesim_catch_them_all:/home/omri/ros2_ws/install/turtlesim_camera:/home/omri/ros2_ws/install/turtle_position:/home/omri/ros2_ws/install/servo_tracker:/home/omri/ros2_ws/install/real_camera:/home/omri/ros2_ws/install/my_py_pkg:/home/omri/ros2_ws/install/actions_py:/home/omri/install/usb_camera:/home/omri/install/turtlesim_position:/home/omri/install/turtle_position:/home/omri/install/my_py_pkg:/home/omri/install/my_package:/opt/ros/humble /home/omri/.local/bin/cmake --install /home/omri/turtlebot3_ws/build/turtlebot3_simulations
