[0.125s] DEBUG:colcon:Command line arguments: ['/usr/bin/colcon', 'build']
[0.125s] DEBUG:colcon:Parsed command line arguments: Namespace(log_base=None, log_level=None, verb_name='build', build_base='build', install_base='install', merge_install=False, symlink_install=False, test_result_base=None, continue_on_error=False, executor='parallel', parallel_workers=8, event_handlers=None, ignore_user_meta=False, metas=['./colcon.meta'], base_paths=['.'], packages_ignore=None, packages_ignore_regex=None, paths=None, packages_up_to=None, packages_up_to_regex=None, packages_above=None, packages_above_and_dependencies=None, packages_above_depth=None, packages_select_by_dep=None, packages_skip_by_dep=None, packages_skip_up_to=None, packages_select_build_failed=False, packages_skip_build_finished=False, packages_select_test_failures=False, packages_skip_test_passed=False, packages_select=None, packages_skip=None, packages_select_regex=None, packages_skip_regex=None, packages_start=None, packages_end=None, allow_overriding=[], cmake_args=None, cmake_target=None, cmake_target_skip_unavailable=False, cmake_clean_cache=False, cmake_clean_first=False, cmake_force_configure=False, ament_cmake_args=None, catkin_cmake_args=None, catkin_skip_building_tests=False, mixin_files=None, mixin=None, verb_parser=<colcon_mixin.mixin.mixin_argument.MixinArgumentDecorator object at 0x77d666c62650>, verb_extension=<colcon_core.verb.build.BuildVerb object at 0x77d666ddbbb0>, main=<bound method BuildVerb.main of <colcon_core.verb.build.BuildVerb object at 0x77d666ddbbb0>>, mixin_verb=('build',))
[0.162s] Level 1:colcon.colcon_core.package_discovery:discover_packages(colcon_meta) check parameters
[0.162s] Level 1:colcon.colcon_core.package_discovery:discover_packages(recursive) check parameters
[0.162s] Level 1:colcon.colcon_core.package_discovery:discover_packages(ignore) check parameters
[0.162s] Level 1:colcon.colcon_core.package_discovery:discover_packages(path) check parameters
[0.162s] Level 1:colcon.colcon_core.package_discovery:discover_packages(colcon_meta) discover
[0.162s] Level 1:colcon.colcon_core.package_discovery:discover_packages(recursive) discover
[0.162s] INFO:colcon.colcon_core.package_discovery:Crawling recursively for packages in '/home/omri/turtlebot3_ws'
[0.162s] Level 1:colcon.colcon_core.package_identification:_identify(.) by extensions ['ignore', 'ignore_ament_install']
[0.162s] Level 1:colcon.colcon_core.package_identification:_identify(.) by extension 'ignore'
[0.162s] Level 1:colcon.colcon_core.package_identification:_identify(.) by extension 'ignore_ament_install'
[0.162s] Level 1:colcon.colcon_core.package_identification:_identify(.) by extensions ['colcon_pkg']
[0.162s] Level 1:colcon.colcon_core.package_identification:_identify(.) by extension 'colcon_pkg'
[0.162s] Level 1:colcon.colcon_core.package_identification:_identify(.) by extensions ['colcon_meta']
[0.162s] Level 1:colcon.colcon_core.package_identification:_identify(.) by extension 'colcon_meta'
[0.162s] Level 1:colcon.colcon_core.package_identification:_identify(.) by extensions ['ros']
[0.162s] Level 1:colcon.colcon_core.package_identification:_identify(.) by extension 'ros'
[0.178s] Level 1:colcon.colcon_core.package_identification:_identify(.) by extensions ['cmake', 'python']
[0.178s] Level 1:colcon.colcon_core.package_identification:_identify(.) by extension 'cmake'
[0.178s] Level 1:colcon.colcon_core.package_identification:_identify(.) by extension 'python'
[0.178s] Level 1:colcon.colcon_core.package_identification:_identify(.) by extensions ['python_setup_py']
[0.178s] Level 1:colcon.colcon_core.package_identification:_identify(.) by extension 'python_setup_py'
[0.178s] Level 1:colcon.colcon_core.package_identification:_identify(build) by extensions ['ignore', 'ignore_ament_install']
[0.178s] Level 1:colcon.colcon_core.package_identification:_identify(build) by extension 'ignore'
[0.178s] Level 1:colcon.colcon_core.package_identification:_identify(build) ignored
[0.178s] Level 1:colcon.colcon_core.package_identification:_identify(install) by extensions ['ignore', 'ignore_ament_install']
[0.178s] Level 1:colcon.colcon_core.package_identification:_identify(install) by extension 'ignore'
[0.178s] Level 1:colcon.colcon_core.package_identification:_identify(install) ignored
[0.178s] Level 1:colcon.colcon_core.package_identification:_identify(log) by extensions ['ignore', 'ignore_ament_install']
[0.178s] Level 1:colcon.colcon_core.package_identification:_identify(log) by extension 'ignore'
[0.178s] Level 1:colcon.colcon_core.package_identification:_identify(log) ignored
[0.178s] Level 1:colcon.colcon_core.package_identification:_identify(src) by extensions ['ignore', 'ignore_ament_install']
[0.179s] Level 1:colcon.colcon_core.package_identification:_identify(src) by extension 'ignore'
[0.179s] Level 1:colcon.colcon_core.package_identification:_identify(src) by extension 'ignore_ament_install'
[0.179s] Level 1:colcon.colcon_core.package_identification:_identify(src) by extensions ['colcon_pkg']
[0.179s] Level 1:colcon.colcon_core.package_identification:_identify(src) by extension 'colcon_pkg'
[0.179s] Level 1:colcon.colcon_core.package_identification:_identify(src) by extensions ['colcon_meta']
[0.179s] Level 1:colcon.colcon_core.package_identification:_identify(src) by extension 'colcon_meta'
[0.179s] Level 1:colcon.colcon_core.package_identification:_identify(src) by extensions ['ros']
[0.179s] Level 1:colcon.colcon_core.package_identification:_identify(src) by extension 'ros'
[0.179s] Level 1:colcon.colcon_core.package_identification:_identify(src) by extensions ['cmake', 'python']
[0.179s] Level 1:colcon.colcon_core.package_identification:_identify(src) by extension 'cmake'
[0.179s] Level 1:colcon.colcon_core.package_identification:_identify(src) by extension 'python'
[0.179s] Level 1:colcon.colcon_core.package_identification:_identify(src) by extensions ['python_setup_py']
[0.179s] Level 1:colcon.colcon_core.package_identification:_identify(src) by extension 'python_setup_py'
[0.179s] Level 1:colcon.colcon_core.package_identification:_identify(src/turtlebot3_fake_node) by extensions ['ignore', 'ignore_ament_install']
[0.179s] Level 1:colcon.colcon_core.package_identification:_identify(src/turtlebot3_fake_node) by extension 'ignore'
[0.179s] Level 1:colcon.colcon_core.package_identification:_identify(src/turtlebot3_fake_node) by extension 'ignore_ament_install'
[0.179s] Level 1:colcon.colcon_core.package_identification:_identify(src/turtlebot3_fake_node) by extensions ['colcon_pkg']
[0.179s] Level 1:colcon.colcon_core.package_identification:_identify(src/turtlebot3_fake_node) by extension 'colcon_pkg'
[0.179s] Level 1:colcon.colcon_core.package_identification:_identify(src/turtlebot3_fake_node) by extensions ['colcon_meta']
[0.179s] Level 1:colcon.colcon_core.package_identification:_identify(src/turtlebot3_fake_node) by extension 'colcon_meta'
[0.179s] Level 1:colcon.colcon_core.package_identification:_identify(src/turtlebot3_fake_node) by extensions ['ros']
[0.179s] Level 1:colcon.colcon_core.package_identification:_identify(src/turtlebot3_fake_node) by extension 'ros'
[0.183s] DEBUG:colcon.colcon_core.package_identification:Package 'src/turtlebot3_fake_node' with type 'ros.ament_cmake' and name 'turtlebot3_fake_node'
[0.183s] Level 1:colcon.colcon_core.package_identification:_identify(src/turtlebot3_gazebo) by extensions ['ignore', 'ignore_ament_install']
[0.183s] Level 1:colcon.colcon_core.package_identification:_identify(src/turtlebot3_gazebo) by extension 'ignore'
[0.183s] Level 1:colcon.colcon_core.package_identification:_identify(src/turtlebot3_gazebo) by extension 'ignore_ament_install'
[0.183s] Level 1:colcon.colcon_core.package_identification:_identify(src/turtlebot3_gazebo) by extensions ['colcon_pkg']
[0.183s] Level 1:colcon.colcon_core.package_identification:_identify(src/turtlebot3_gazebo) by extension 'colcon_pkg'
[0.183s] Level 1:colcon.colcon_core.package_identification:_identify(src/turtlebot3_gazebo) by extensions ['colcon_meta']
[0.183s] Level 1:colcon.colcon_core.package_identification:_identify(src/turtlebot3_gazebo) by extension 'colcon_meta'
[0.183s] Level 1:colcon.colcon_core.package_identification:_identify(src/turtlebot3_gazebo) by extensions ['ros']
[0.183s] Level 1:colcon.colcon_core.package_identification:_identify(src/turtlebot3_gazebo) by extension 'ros'
[0.184s] DEBUG:colcon.colcon_core.package_identification:Package 'src/turtlebot3_gazebo' with type 'ros.ament_cmake' and name 'turtlebot3_gazebo'
[0.184s] Level 1:colcon.colcon_core.package_identification:_identify(src/turtlebot3_simulations) by extensions ['ignore', 'ignore_ament_install']
[0.184s] Level 1:colcon.colcon_core.package_identification:_identify(src/turtlebot3_simulations) by extension 'ignore'
[0.184s] Level 1:colcon.colcon_core.package_identification:_identify(src/turtlebot3_simulations) by extension 'ignore_ament_install'
[0.184s] Level 1:colcon.colcon_core.package_identification:_identify(src/turtlebot3_simulations) by extensions ['colcon_pkg']
[0.184s] Level 1:colcon.colcon_core.package_identification:_identify(src/turtlebot3_simulations) by extension 'colcon_pkg'
[0.184s] Level 1:colcon.colcon_core.package_identification:_identify(src/turtlebot3_simulations) by extensions ['colcon_meta']
[0.184s] Level 1:colcon.colcon_core.package_identification:_identify(src/turtlebot3_simulations) by extension 'colcon_meta'
[0.184s] Level 1:colcon.colcon_core.package_identification:_identify(src/turtlebot3_simulations) by extensions ['ros']
[0.184s] Level 1:colcon.colcon_core.package_identification:_identify(src/turtlebot3_simulations) by extension 'ros'
[0.185s] DEBUG:colcon.colcon_core.package_identification:Package 'src/turtlebot3_simulations' with type 'ros.ament_cmake' and name 'turtlebot3_simulations'
[0.185s] Level 1:colcon.colcon_core.package_discovery:discover_packages(recursive) using defaults
[0.185s] Level 1:colcon.colcon_core.package_discovery:discover_packages(ignore) discover
[0.185s] Level 1:colcon.colcon_core.package_discovery:discover_packages(ignore) using defaults
[0.185s] Level 1:colcon.colcon_core.package_discovery:discover_packages(path) discover
[0.185s] Level 1:colcon.colcon_core.package_discovery:discover_packages(path) using defaults
[0.206s] Level 1:colcon.colcon_core.package_discovery:discover_packages(prefix_path) check parameters
[0.206s] Level 1:colcon.colcon_core.package_discovery:discover_packages(prefix_path) discover
[0.209s] DEBUG:colcon.colcon_installed_package_information.package_discovery:Found 3 installed packages in /home/omri/turtlebot3_ws/install
[0.209s] DEBUG:colcon.colcon_installed_package_information.package_discovery:Found 13 installed packages in /home/omri/ros2_ws/install
[0.210s] DEBUG:colcon.colcon_installed_package_information.package_discovery:Found 6 installed packages in /home/omri/install
[0.212s] DEBUG:colcon.colcon_installed_package_information.package_discovery:Found 407 installed packages in /opt/ros/humble
[0.214s] Level 1:colcon.colcon_core.package_discovery:discover_packages(prefix_path) using defaults
[0.266s] Level 5:colcon.colcon_core.verb:set package 'turtlebot3_fake_node' build argument 'cmake_args' from command line to 'None'
[0.266s] Level 5:colcon.colcon_core.verb:set package 'turtlebot3_fake_node' build argument 'cmake_target' from command line to 'None'
[0.266s] Level 5:colcon.colcon_core.verb:set package 'turtlebot3_fake_node' build argument 'cmake_target_skip_unavailable' from command line to 'False'
[0.266s] Level 5:colcon.colcon_core.verb:set package 'turtlebot3_fake_node' build argument 'cmake_clean_cache' from command line to 'False'
[0.266s] Level 5:colcon.colcon_core.verb:set package 'turtlebot3_fake_node' build argument 'cmake_clean_first' from command line to 'False'
[0.266s] Level 5:colcon.colcon_core.verb:set package 'turtlebot3_fake_node' build argument 'cmake_force_configure' from command line to 'False'
[0.266s] Level 5:colcon.colcon_core.verb:set package 'turtlebot3_fake_node' build argument 'ament_cmake_args' from command line to 'None'
[0.266s] Level 5:colcon.colcon_core.verb:set package 'turtlebot3_fake_node' build argument 'catkin_cmake_args' from command line to 'None'
[0.266s] Level 5:colcon.colcon_core.verb:set package 'turtlebot3_fake_node' build argument 'catkin_skip_building_tests' from command line to 'False'
[0.266s] DEBUG:colcon.colcon_core.verb:Building package 'turtlebot3_fake_node' with the following arguments: {'ament_cmake_args': None, 'build_base': '/home/omri/turtlebot3_ws/build/turtlebot3_fake_node', 'catkin_cmake_args': None, 'catkin_skip_building_tests': False, 'cmake_args': None, 'cmake_clean_cache': False, 'cmake_clean_first': False, 'cmake_force_configure': False, 'cmake_target': None, 'cmake_target_skip_unavailable': False, 'install_base': '/home/omri/turtlebot3_ws/install/turtlebot3_fake_node', 'merge_install': False, 'path': '/home/omri/turtlebot3_ws/src/turtlebot3_fake_node', 'symlink_install': False, 'test_result_base': None}
[0.267s] Level 5:colcon.colcon_core.verb:set package 'turtlebot3_gazebo' build argument 'cmake_args' from command line to 'None'
[0.267s] Level 5:colcon.colcon_core.verb:set package 'turtlebot3_gazebo' build argument 'cmake_target' from command line to 'None'
[0.267s] Level 5:colcon.colcon_core.verb:set package 'turtlebot3_gazebo' build argument 'cmake_target_skip_unavailable' from command line to 'False'
[0.267s] Level 5:colcon.colcon_core.verb:set package 'turtlebot3_gazebo' build argument 'cmake_clean_cache' from command line to 'False'
[0.267s] Level 5:colcon.colcon_core.verb:set package 'turtlebot3_gazebo' build argument 'cmake_clean_first' from command line to 'False'
[0.267s] Level 5:colcon.colcon_core.verb:set package 'turtlebot3_gazebo' build argument 'cmake_force_configure' from command line to 'False'
[0.267s] Level 5:colcon.colcon_core.verb:set package 'turtlebot3_gazebo' build argument 'ament_cmake_args' from command line to 'None'
[0.267s] Level 5:colcon.colcon_core.verb:set package 'turtlebot3_gazebo' build argument 'catkin_cmake_args' from command line to 'None'
[0.267s] Level 5:colcon.colcon_core.verb:set package 'turtlebot3_gazebo' build argument 'catkin_skip_building_tests' from command line to 'False'
[0.267s] DEBUG:colcon.colcon_core.verb:Building package 'turtlebot3_gazebo' with the following arguments: {'ament_cmake_args': None, 'build_base': '/home/omri/turtlebot3_ws/build/turtlebot3_gazebo', 'catkin_cmake_args': None, 'catkin_skip_building_tests': False, 'cmake_args': None, 'cmake_clean_cache': False, 'cmake_clean_first': False, 'cmake_force_configure': False, 'cmake_target': None, 'cmake_target_skip_unavailable': False, 'install_base': '/home/omri/turtlebot3_ws/install/turtlebot3_gazebo', 'merge_install': False, 'path': '/home/omri/turtlebot3_ws/src/turtlebot3_gazebo', 'symlink_install': False, 'test_result_base': None}
[0.267s] Level 5:colcon.colcon_core.verb:set package 'turtlebot3_simulations' build argument 'cmake_args' from command line to 'None'
[0.267s] Level 5:colcon.colcon_core.verb:set package 'turtlebot3_simulations' build argument 'cmake_target' from command line to 'None'
[0.268s] Level 5:colcon.colcon_core.verb:set package 'turtlebot3_simulations' build argument 'cmake_target_skip_unavailable' from command line to 'False'
[0.268s] Level 5:colcon.colcon_core.verb:set package 'turtlebot3_simulations' build argument 'cmake_clean_cache' from command line to 'False'
[0.268s] Level 5:colcon.colcon_core.verb:set package 'turtlebot3_simulations' build argument 'cmake_clean_first' from command line to 'False'
[0.268s] Level 5:colcon.colcon_core.verb:set package 'turtlebot3_simulations' build argument 'cmake_force_configure' from command line to 'False'
[0.268s] Level 5:colcon.colcon_core.verb:set package 'turtlebot3_simulations' build argument 'ament_cmake_args' from command line to 'None'
[0.268s] Level 5:colcon.colcon_core.verb:set package 'turtlebot3_simulations' build argument 'catkin_cmake_args' from command line to 'None'
[0.268s] Level 5:colcon.colcon_core.verb:set package 'turtlebot3_simulations' build argument 'catkin_skip_building_tests' from command line to 'False'
[0.268s] DEBUG:colcon.colcon_core.verb:Building package 'turtlebot3_simulations' with the following arguments: {'ament_cmake_args': None, 'build_base': '/home/omri/turtlebot3_ws/build/turtlebot3_simulations', 'catkin_cmake_args': None, 'catkin_skip_building_tests': False, 'cmake_args': None, 'cmake_clean_cache': False, 'cmake_clean_first': False, 'cmake_force_configure': False, 'cmake_target': None, 'cmake_target_skip_unavailable': False, 'install_base': '/home/omri/turtlebot3_ws/install/turtlebot3_simulations', 'merge_install': False, 'path': '/home/omri/turtlebot3_ws/src/turtlebot3_simulations', 'symlink_install': False, 'test_result_base': None}
[0.268s] INFO:colcon.colcon_core.executor:Executing jobs using 'parallel' executor
[0.269s] DEBUG:colcon.colcon_parallel_executor.executor.parallel:run_until_complete
[0.269s] INFO:colcon.colcon_ros.task.ament_cmake.build:Building ROS package in '/home/omri/turtlebot3_ws/src/turtlebot3_fake_node' with build type 'ament_cmake'
[0.269s] INFO:colcon.colcon_cmake.task.cmake.build:Building CMake package in '/home/omri/turtlebot3_ws/src/turtlebot3_fake_node'
[0.272s] INFO:colcon.colcon_core.plugin_system:Skipping extension 'colcon_core.shell.bat': Not used on non-Windows systems
[0.272s] INFO:colcon.colcon_core.shell:Skip shell extension 'powershell' for command environment: Not usable outside of PowerShell
[0.272s] DEBUG:colcon.colcon_core.shell:Skip shell extension 'dsv' for command environment
[0.277s] INFO:colcon.colcon_ros.task.ament_cmake.build:Building ROS package in '/home/omri/turtlebot3_ws/src/turtlebot3_gazebo' with build type 'ament_cmake'
[0.277s] INFO:colcon.colcon_cmake.task.cmake.build:Building CMake package in '/home/omri/turtlebot3_ws/src/turtlebot3_gazebo'
[0.278s] INFO:colcon.colcon_core.shell:Skip shell extension 'powershell' for command environment: Not usable outside of PowerShell
[0.278s] DEBUG:colcon.colcon_core.shell:Skip shell extension 'dsv' for command environment
[0.287s] DEBUG:colcon.colcon_core.event_handler.log_command:Invoking command in '/home/omri/turtlebot3_ws/build/turtlebot3_fake_node': CMAKE_PREFIX_PATH=${CMAKE_PREFIX_PATH}:/home/omri/ros2_ws/install/usb_camera:/home/omri/ros2_ws/install/turtlesim_catch_them_all:/home/omri/ros2_ws/install/turtlesim_camera:/home/omri/ros2_ws/install/turtle_position:/home/omri/ros2_ws/install/servo_tracker:/home/omri/ros2_ws/install/real_camera:/home/omri/ros2_ws/install/my_py_pkg:/home/omri/ros2_ws/install/actions_py:/home/omri/install/usb_camera:/home/omri/install/turtlesim_position:/home/omri/install/turtle_position:/home/omri/install/my_py_pkg:/home/omri/install/my_package:/opt/ros/humble /home/omri/.local/bin/cmake --build /home/omri/turtlebot3_ws/build/turtlebot3_fake_node -- -j8 -l8
[0.294s] DEBUG:colcon.colcon_core.event_handler.log_command:Invoking command in '/home/omri/turtlebot3_ws/build/turtlebot3_gazebo': CMAKE_PREFIX_PATH=${CMAKE_PREFIX_PATH}:/home/omri/ros2_ws/install/usb_camera:/home/omri/ros2_ws/install/turtlesim_catch_them_all:/home/omri/ros2_ws/install/turtlesim_camera:/home/omri/ros2_ws/install/turtle_position:/home/omri/ros2_ws/install/servo_tracker:/home/omri/ros2_ws/install/real_camera:/home/omri/ros2_ws/install/my_py_pkg:/home/omri/ros2_ws/install/actions_py:/home/omri/install/usb_camera:/home/omri/install/turtlesim_position:/home/omri/install/turtle_position:/home/omri/install/my_py_pkg:/home/omri/install/my_package:/opt/ros/humble /home/omri/.local/bin/cmake --build /home/omri/turtlebot3_ws/build/turtlebot3_gazebo -- -j8 -l8
[0.370s] DEBUG:colcon.colcon_core.event_handler.log_command:Invoked command in '/home/omri/turtlebot3_ws/build/turtlebot3_fake_node' returned '0': CMAKE_PREFIX_PATH=${CMAKE_PREFIX_PATH}:/home/omri/ros2_ws/install/usb_camera:/home/omri/ros2_ws/install/turtlesim_catch_them_all:/home/omri/ros2_ws/install/turtlesim_camera:/home/omri/ros2_ws/install/turtle_position:/home/omri/ros2_ws/install/servo_tracker:/home/omri/ros2_ws/install/real_camera:/home/omri/ros2_ws/install/my_py_pkg:/home/omri/ros2_ws/install/actions_py:/home/omri/install/usb_camera:/home/omri/install/turtlesim_position:/home/omri/install/turtle_position:/home/omri/install/my_py_pkg:/home/omri/install/my_package:/opt/ros/humble /home/omri/.local/bin/cmake --build /home/omri/turtlebot3_ws/build/turtlebot3_fake_node -- -j8 -l8
[0.394s] DEBUG:colcon.colcon_core.event_handler.log_command:Invoked command in '/home/omri/turtlebot3_ws/build/turtlebot3_gazebo' returned '0': CMAKE_PREFIX_PATH=${CMAKE_PREFIX_PATH}:/home/omri/ros2_ws/install/usb_camera:/home/omri/ros2_ws/install/turtlesim_catch_them_all:/home/omri/ros2_ws/install/turtlesim_camera:/home/omri/ros2_ws/install/turtle_position:/home/omri/ros2_ws/install/servo_tracker:/home/omri/ros2_ws/install/real_camera:/home/omri/ros2_ws/install/my_py_pkg:/home/omri/ros2_ws/install/actions_py:/home/omri/install/usb_camera:/home/omri/install/turtlesim_position:/home/omri/install/turtle_position:/home/omri/install/my_py_pkg:/home/omri/install/my_package:/opt/ros/humble /home/omri/.local/bin/cmake --build /home/omri/turtlebot3_ws/build/turtlebot3_gazebo -- -j8 -l8
[0.477s] DEBUG:colcon.colcon_core.event_handler.log_command:Invoking command in '/home/omri/turtlebot3_ws/build/turtlebot3_fake_node': CMAKE_PREFIX_PATH=${CMAKE_PREFIX_PATH}:/home/omri/ros2_ws/install/usb_camera:/home/omri/ros2_ws/install/turtlesim_catch_them_all:/home/omri/ros2_ws/install/turtlesim_camera:/home/omri/ros2_ws/install/turtle_position:/home/omri/ros2_ws/install/servo_tracker:/home/omri/ros2_ws/install/real_camera:/home/omri/ros2_ws/install/my_py_pkg:/home/omri/ros2_ws/install/actions_py:/home/omri/install/usb_camera:/home/omri/install/turtlesim_position:/home/omri/install/turtle_position:/home/omri/install/my_py_pkg:/home/omri/install/my_package:/opt/ros/humble /home/omri/.local/bin/cmake --install /home/omri/turtlebot3_ws/build/turtlebot3_fake_node
[0.480s] DEBUG:colcon.colcon_core.event_handler.log_command:Invoking command in '/home/omri/turtlebot3_ws/build/turtlebot3_gazebo': CMAKE_PREFIX_PATH=${CMAKE_PREFIX_PATH}:/home/omri/ros2_ws/install/usb_camera:/home/omri/ros2_ws/install/turtlesim_catch_them_all:/home/omri/ros2_ws/install/turtlesim_camera:/home/omri/ros2_ws/install/turtle_position:/home/omri/ros2_ws/install/servo_tracker:/home/omri/ros2_ws/install/real_camera:/home/omri/ros2_ws/install/my_py_pkg:/home/omri/ros2_ws/install/actions_py:/home/omri/install/usb_camera:/home/omri/install/turtlesim_position:/home/omri/install/turtle_position:/home/omri/install/my_py_pkg:/home/omri/install/my_package:/opt/ros/humble /home/omri/.local/bin/cmake --install /home/omri/turtlebot3_ws/build/turtlebot3_gazebo
[0.524s] Level 1:colcon.colcon_core.environment:create_environment_scripts_only(turtlebot3_fake_node)
[0.530s] DEBUG:colcon.colcon_core.event_handler.log_command:Invoked command in '/home/omri/turtlebot3_ws/build/turtlebot3_fake_node' returned '0': CMAKE_PREFIX_PATH=${CMAKE_PREFIX_PATH}:/home/omri/ros2_ws/install/usb_camera:/home/omri/ros2_ws/install/turtlesim_catch_them_all:/home/omri/ros2_ws/install/turtlesim_camera:/home/omri/ros2_ws/install/turtle_position:/home/omri/ros2_ws/install/servo_tracker:/home/omri/ros2_ws/install/real_camera:/home/omri/ros2_ws/install/my_py_pkg:/home/omri/ros2_ws/install/actions_py:/home/omri/install/usb_camera:/home/omri/install/turtlesim_position:/home/omri/install/turtle_position:/home/omri/install/my_py_pkg:/home/omri/install/my_package:/opt/ros/humble /home/omri/.local/bin/cmake --install /home/omri/turtlebot3_ws/build/turtlebot3_fake_node
[0.532s] Level 1:colcon.colcon_core.environment:checking '/home/omri/turtlebot3_ws/install/turtlebot3_fake_node' for CMake module files
[0.532s] Level 1:colcon.colcon_core.environment:checking '/home/omri/turtlebot3_ws/install/turtlebot3_fake_node' for CMake config files
[0.533s] Level 1:colcon.colcon_core.shell:create_environment_hook('turtlebot3_fake_node', 'cmake_prefix_path')
[0.533s] INFO:colcon.colcon_core.shell:Creating environment hook '/home/omri/turtlebot3_ws/install/turtlebot3_fake_node/share/turtlebot3_fake_node/hook/cmake_prefix_path.ps1'
[0.533s] INFO:colcon.colcon_core.shell:Creating environment descriptor '/home/omri/turtlebot3_ws/install/turtlebot3_fake_node/share/turtlebot3_fake_node/hook/cmake_prefix_path.dsv'
[0.534s] INFO:colcon.colcon_core.shell:Creating environment hook '/home/omri/turtlebot3_ws/install/turtlebot3_fake_node/share/turtlebot3_fake_node/hook/cmake_prefix_path.sh'
[0.535s] Level 1:colcon.colcon_core.environment:checking '/home/omri/turtlebot3_ws/install/turtlebot3_fake_node/lib'
[0.535s] Level 1:colcon.colcon_core.environment:checking '/home/omri/turtlebot3_ws/install/turtlebot3_fake_node/bin'
[0.535s] Level 1:colcon.colcon_core.environment:checking '/home/omri/turtlebot3_ws/install/turtlebot3_fake_node/lib/pkgconfig/turtlebot3_fake_node.pc'
[0.535s] Level 1:colcon.colcon_core.environment:checking '/home/omri/turtlebot3_ws/install/turtlebot3_fake_node/lib/python3.10/site-packages'
[0.535s] Level 1:colcon.colcon_core.environment:checking '/home/omri/turtlebot3_ws/install/turtlebot3_fake_node/bin'
[0.536s] INFO:colcon.colcon_core.shell:Creating package script '/home/omri/turtlebot3_ws/install/turtlebot3_fake_node/share/turtlebot3_fake_node/package.ps1'
[0.536s] INFO:colcon.colcon_core.shell:Creating package descriptor '/home/omri/turtlebot3_ws/install/turtlebot3_fake_node/share/turtlebot3_fake_node/package.dsv'
[0.537s] INFO:colcon.colcon_core.shell:Creating package script '/home/omri/turtlebot3_ws/install/turtlebot3_fake_node/share/turtlebot3_fake_node/package.sh'
[0.538s] INFO:colcon.colcon_core.shell:Creating package script '/home/omri/turtlebot3_ws/install/turtlebot3_fake_node/share/turtlebot3_fake_node/package.bash'
[0.538s] INFO:colcon.colcon_core.shell:Creating package script '/home/omri/turtlebot3_ws/install/turtlebot3_fake_node/share/turtlebot3_fake_node/package.zsh'
[0.539s] Level 1:colcon.colcon_core.environment:create_file_with_runtime_dependencies(/home/omri/turtlebot3_ws/install/turtlebot3_fake_node/share/colcon-core/packages/turtlebot3_fake_node)
[0.541s] Level 1:colcon.colcon_core.environment:create_environment_scripts_only(turtlebot3_gazebo)
[0.541s] Level 1:colcon.colcon_core.environment:checking '/home/omri/turtlebot3_ws/install/turtlebot3_gazebo' for CMake module files
[0.542s] DEBUG:colcon.colcon_core.event_handler.log_command:Invoked command in '/home/omri/turtlebot3_ws/build/turtlebot3_gazebo' returned '0': CMAKE_PREFIX_PATH=${CMAKE_PREFIX_PATH}:/home/omri/ros2_ws/install/usb_camera:/home/omri/ros2_ws/install/turtlesim_catch_them_all:/home/omri/ros2_ws/install/turtlesim_camera:/home/omri/ros2_ws/install/turtle_position:/home/omri/ros2_ws/install/servo_tracker:/home/omri/ros2_ws/install/real_camera:/home/omri/ros2_ws/install/my_py_pkg:/home/omri/ros2_ws/install/actions_py:/home/omri/install/usb_camera:/home/omri/install/turtlesim_position:/home/omri/install/turtle_position:/home/omri/install/my_py_pkg:/home/omri/install/my_package:/opt/ros/humble /home/omri/.local/bin/cmake --install /home/omri/turtlebot3_ws/build/turtlebot3_gazebo
[0.542s] Level 1:colcon.colcon_core.environment:checking '/home/omri/turtlebot3_ws/install/turtlebot3_gazebo' for CMake config files
[0.542s] Level 1:colcon.colcon_core.shell:create_environment_hook('turtlebot3_gazebo', 'cmake_prefix_path')
[0.543s] INFO:colcon.colcon_core.shell:Creating environment hook '/home/omri/turtlebot3_ws/install/turtlebot3_gazebo/share/turtlebot3_gazebo/hook/cmake_prefix_path.ps1'
[0.543s] INFO:colcon.colcon_core.shell:Creating environment descriptor '/home/omri/turtlebot3_ws/install/turtlebot3_gazebo/share/turtlebot3_gazebo/hook/cmake_prefix_path.dsv'
[0.543s] INFO:colcon.colcon_core.shell:Creating environment hook '/home/omri/turtlebot3_ws/install/turtlebot3_gazebo/share/turtlebot3_gazebo/hook/cmake_prefix_path.sh'
[0.544s] Level 1:colcon.colcon_core.environment:checking '/home/omri/turtlebot3_ws/install/turtlebot3_gazebo/lib'
[0.544s] Level 1:colcon.colcon_core.environment:checking '/home/omri/turtlebot3_ws/install/turtlebot3_gazebo/bin'
[0.544s] Level 1:colcon.colcon_core.environment:checking '/home/omri/turtlebot3_ws/install/turtlebot3_gazebo/lib/pkgconfig/turtlebot3_gazebo.pc'
[0.544s] Level 1:colcon.colcon_core.environment:checking '/home/omri/turtlebot3_ws/install/turtlebot3_gazebo/lib/python3.10/site-packages'
[0.544s] Level 1:colcon.colcon_core.environment:checking '/home/omri/turtlebot3_ws/install/turtlebot3_gazebo/bin'
[0.545s] INFO:colcon.colcon_core.shell:Creating package script '/home/omri/turtlebot3_ws/install/turtlebot3_gazebo/share/turtlebot3_gazebo/package.ps1'
[0.545s] INFO:colcon.colcon_core.shell:Creating package descriptor '/home/omri/turtlebot3_ws/install/turtlebot3_gazebo/share/turtlebot3_gazebo/package.dsv'
[0.545s] INFO:colcon.colcon_core.shell:Creating package script '/home/omri/turtlebot3_ws/install/turtlebot3_gazebo/share/turtlebot3_gazebo/package.sh'
[0.546s] INFO:colcon.colcon_core.shell:Creating package script '/home/omri/turtlebot3_ws/install/turtlebot3_gazebo/share/turtlebot3_gazebo/package.bash'
[0.546s] INFO:colcon.colcon_core.shell:Creating package script '/home/omri/turtlebot3_ws/install/turtlebot3_gazebo/share/turtlebot3_gazebo/package.zsh'
[0.546s] Level 1:colcon.colcon_core.environment:create_file_with_runtime_dependencies(/home/omri/turtlebot3_ws/install/turtlebot3_gazebo/share/colcon-core/packages/turtlebot3_gazebo)
[0.599s] Level 1:colcon.colcon_core.environment:create_environment_scripts_only(turtlebot3_fake_node)
[0.599s] Level 1:colcon.colcon_core.environment:checking '/home/omri/turtlebot3_ws/install/turtlebot3_fake_node' for CMake module files
[0.599s] Level 1:colcon.colcon_core.environment:checking '/home/omri/turtlebot3_ws/install/turtlebot3_fake_node' for CMake config files
[0.600s] Level 1:colcon.colcon_core.shell:create_environment_hook('turtlebot3_fake_node', 'cmake_prefix_path')
[0.600s] INFO:colcon.colcon_core.shell:Creating environment hook '/home/omri/turtlebot3_ws/install/turtlebot3_fake_node/share/turtlebot3_fake_node/hook/cmake_prefix_path.ps1'
[0.600s] INFO:colcon.colcon_core.shell:Creating environment descriptor '/home/omri/turtlebot3_ws/install/turtlebot3_fake_node/share/turtlebot3_fake_node/hook/cmake_prefix_path.dsv'
[0.601s] INFO:colcon.colcon_core.shell:Creating environment hook '/home/omri/turtlebot3_ws/install/turtlebot3_fake_node/share/turtlebot3_fake_node/hook/cmake_prefix_path.sh'
[0.601s] Level 1:colcon.colcon_core.environment:checking '/home/omri/turtlebot3_ws/install/turtlebot3_fake_node/lib'
[0.601s] Level 1:colcon.colcon_core.environment:checking '/home/omri/turtlebot3_ws/install/turtlebot3_fake_node/bin'
[0.601s] Level 1:colcon.colcon_core.environment:checking '/home/omri/turtlebot3_ws/install/turtlebot3_fake_node/lib/pkgconfig/turtlebot3_fake_node.pc'
[0.602s] Level 1:colcon.colcon_core.environment:checking '/home/omri/turtlebot3_ws/install/turtlebot3_fake_node/lib/python3.10/site-packages'
[0.602s] Level 1:colcon.colcon_core.environment:checking '/home/omri/turtlebot3_ws/install/turtlebot3_fake_node/bin'
[0.602s] INFO:colcon.colcon_core.shell:Creating package script '/home/omri/turtlebot3_ws/install/turtlebot3_fake_node/share/turtlebot3_fake_node/package.ps1'
[0.602s] INFO:colcon.colcon_core.shell:Creating package descriptor '/home/omri/turtlebot3_ws/install/turtlebot3_fake_node/share/turtlebot3_fake_node/package.dsv'
[0.603s] INFO:colcon.colcon_core.shell:Creating package script '/home/omri/turtlebot3_ws/install/turtlebot3_fake_node/share/turtlebot3_fake_node/package.sh'
[0.603s] INFO:colcon.colcon_core.shell:Creating package script '/home/omri/turtlebot3_ws/install/turtlebot3_fake_node/share/turtlebot3_fake_node/package.bash'
[0.604s] INFO:colcon.colcon_core.shell:Creating package script '/home/omri/turtlebot3_ws/install/turtlebot3_fake_node/share/turtlebot3_fake_node/package.zsh'
[0.604s] Level 1:colcon.colcon_core.environment:create_file_with_runtime_dependencies(/home/omri/turtlebot3_ws/install/turtlebot3_fake_node/share/colcon-core/packages/turtlebot3_fake_node)
[0.618s] Level 1:colcon.colcon_core.environment:create_environment_scripts_only(turtlebot3_gazebo)
[0.618s] Level 1:colcon.colcon_core.environment:checking '/home/omri/turtlebot3_ws/install/turtlebot3_gazebo' for CMake module files
[0.618s] Level 1:colcon.colcon_core.environment:checking '/home/omri/turtlebot3_ws/install/turtlebot3_gazebo' for CMake config files
[0.619s] Level 1:colcon.colcon_core.shell:create_environment_hook('turtlebot3_gazebo', 'cmake_prefix_path')
[0.619s] INFO:colcon.colcon_core.shell:Creating environment hook '/home/omri/turtlebot3_ws/install/turtlebot3_gazebo/share/turtlebot3_gazebo/hook/cmake_prefix_path.ps1'
[0.619s] INFO:colcon.colcon_core.shell:Creating environment descriptor '/home/omri/turtlebot3_ws/install/turtlebot3_gazebo/share/turtlebot3_gazebo/hook/cmake_prefix_path.dsv'
[0.620s] INFO:colcon.colcon_core.shell:Creating environment hook '/home/omri/turtlebot3_ws/install/turtlebot3_gazebo/share/turtlebot3_gazebo/hook/cmake_prefix_path.sh'
[0.620s] Level 1:colcon.colcon_core.environment:checking '/home/omri/turtlebot3_ws/install/turtlebot3_gazebo/lib'
[0.620s] Level 1:colcon.colcon_core.environment:checking '/home/omri/turtlebot3_ws/install/turtlebot3_gazebo/bin'
[0.620s] Level 1:colcon.colcon_core.environment:checking '/home/omri/turtlebot3_ws/install/turtlebot3_gazebo/lib/pkgconfig/turtlebot3_gazebo.pc'
[0.620s] Level 1:colcon.colcon_core.environment:checking '/home/omri/turtlebot3_ws/install/turtlebot3_gazebo/lib/python3.10/site-packages'
[0.621s] Level 1:colcon.colcon_core.environment:checking '/home/omri/turtlebot3_ws/install/turtlebot3_gazebo/bin'
[0.621s] INFO:colcon.colcon_core.shell:Creating package script '/home/omri/turtlebot3_ws/install/turtlebot3_gazebo/share/turtlebot3_gazebo/package.ps1'
[0.621s] INFO:colcon.colcon_core.shell:Creating package descriptor '/home/omri/turtlebot3_ws/install/turtlebot3_gazebo/share/turtlebot3_gazebo/package.dsv'
[0.622s] INFO:colcon.colcon_core.shell:Creating package script '/home/omri/turtlebot3_ws/install/turtlebot3_gazebo/share/turtlebot3_gazebo/package.sh'
[0.622s] INFO:colcon.colcon_core.shell:Creating package script '/home/omri/turtlebot3_ws/install/turtlebot3_gazebo/share/turtlebot3_gazebo/package.bash'
[0.623s] INFO:colcon.colcon_core.shell:Creating package script '/home/omri/turtlebot3_ws/install/turtlebot3_gazebo/share/turtlebot3_gazebo/package.zsh'
[0.623s] Level 1:colcon.colcon_core.environment:create_file_with_runtime_dependencies(/home/omri/turtlebot3_ws/install/turtlebot3_gazebo/share/colcon-core/packages/turtlebot3_gazebo)
[0.623s] INFO:colcon.colcon_ros.task.ament_cmake.build:Building ROS package in '/home/omri/turtlebot3_ws/src/turtlebot3_simulations' with build type 'ament_cmake'
[0.624s] INFO:colcon.colcon_cmake.task.cmake.build:Building CMake package in '/home/omri/turtlebot3_ws/src/turtlebot3_simulations'
[0.624s] INFO:colcon.colcon_core.shell:Skip shell extension 'powershell' for command environment: Not usable outside of PowerShell
[0.624s] DEBUG:colcon.colcon_core.shell:Skip shell extension 'dsv' for command environment
[0.637s] DEBUG:colcon.colcon_core.event_handler.log_command:Invoking command in '/home/omri/turtlebot3_ws/build/turtlebot3_simulations': CMAKE_PREFIX_PATH=/home/omri/turtlebot3_ws/install/turtlebot3_gazebo:/home/omri/turtlebot3_ws/install/turtlebot3_fake_node:/home/omri/turtlebot3_ws/install/turtlebot3_simulations:/home/omri/ros2_ws/install/my_robot_bringup:/home/omri/ros2_ws/install/turtlesim:/home/omri/ros2_ws/install/my_robot_interfaces:/home/omri/ros2_ws/install/my_robot_description:/home/omri/ros2_ws/install/my_cpp_pkg:/home/omri/ros2_ws/install/usb_camera:/home/omri/ros2_ws/install/turtlesim_catch_them_all:/home/omri/ros2_ws/install/turtlesim_camera:/home/omri/ros2_ws/install/turtle_position:/home/omri/ros2_ws/install/servo_tracker:/home/omri/ros2_ws/install/real_camera:/home/omri/ros2_ws/install/my_py_pkg:/home/omri/ros2_ws/install/actions_py:/home/omri/install/usb_camera:/home/omri/install/turtlesim_position:/home/omri/install/turtle_position:/home/omri/install/my_py_pkg:/home/omri/install/my_package:/opt/ros/humble /home/omri/.local/bin/cmake --build /home/omri/turtlebot3_ws/build/turtlebot3_simulations -- -j8 -l8
[0.688s] DEBUG:colcon.colcon_core.event_handler.log_command:Invoked command in '/home/omri/turtlebot3_ws/build/turtlebot3_simulations' returned '0': CMAKE_PREFIX_PATH=/home/omri/turtlebot3_ws/install/turtlebot3_gazebo:/home/omri/turtlebot3_ws/install/turtlebot3_fake_node:/home/omri/turtlebot3_ws/install/turtlebot3_simulations:/home/omri/ros2_ws/install/my_robot_bringup:/home/omri/ros2_ws/install/turtlesim:/home/omri/ros2_ws/install/my_robot_interfaces:/home/omri/ros2_ws/install/my_robot_description:/home/omri/ros2_ws/install/my_cpp_pkg:/home/omri/ros2_ws/install/usb_camera:/home/omri/ros2_ws/install/turtlesim_catch_them_all:/home/omri/ros2_ws/install/turtlesim_camera:/home/omri/ros2_ws/install/turtle_position:/home/omri/ros2_ws/install/servo_tracker:/home/omri/ros2_ws/install/real_camera:/home/omri/ros2_ws/install/my_py_pkg:/home/omri/ros2_ws/install/actions_py:/home/omri/install/usb_camera:/home/omri/install/turtlesim_position:/home/omri/install/turtle_position:/home/omri/install/my_py_pkg:/home/omri/install/my_package:/opt/ros/humble /home/omri/.local/bin/cmake --build /home/omri/turtlebot3_ws/build/turtlebot3_simulations -- -j8 -l8
[0.744s] DEBUG:colcon.colcon_core.event_handler.log_command:Invoking command in '/home/omri/turtlebot3_ws/build/turtlebot3_simulations': CMAKE_PREFIX_PATH=/home/omri/turtlebot3_ws/install/turtlebot3_gazebo:/home/omri/turtlebot3_ws/install/turtlebot3_fake_node:/home/omri/turtlebot3_ws/install/turtlebot3_simulations:/home/omri/ros2_ws/install/my_robot_bringup:/home/omri/ros2_ws/install/turtlesim:/home/omri/ros2_ws/install/my_robot_interfaces:/home/omri/ros2_ws/install/my_robot_description:/home/omri/ros2_ws/install/my_cpp_pkg:/home/omri/ros2_ws/install/usb_camera:/home/omri/ros2_ws/install/turtlesim_catch_them_all:/home/omri/ros2_ws/install/turtlesim_camera:/home/omri/ros2_ws/install/turtle_position:/home/omri/ros2_ws/install/servo_tracker:/home/omri/ros2_ws/install/real_camera:/home/omri/ros2_ws/install/my_py_pkg:/home/omri/ros2_ws/install/actions_py:/home/omri/install/usb_camera:/home/omri/install/turtlesim_position:/home/omri/install/turtle_position:/home/omri/install/my_py_pkg:/home/omri/install/my_package:/opt/ros/humble /home/omri/.local/bin/cmake --install /home/omri/turtlebot3_ws/build/turtlebot3_simulations
[0.785s] Level 1:colcon.colcon_core.environment:create_environment_scripts_only(turtlebot3_simulations)
[0.785s] Level 1:colcon.colcon_core.environment:checking '/home/omri/turtlebot3_ws/install/turtlebot3_simulations' for CMake module files
[0.786s] DEBUG:colcon.colcon_core.event_handler.log_command:Invoked command in '/home/omri/turtlebot3_ws/build/turtlebot3_simulations' returned '0': CMAKE_PREFIX_PATH=/home/omri/turtlebot3_ws/install/turtlebot3_gazebo:/home/omri/turtlebot3_ws/install/turtlebot3_fake_node:/home/omri/turtlebot3_ws/install/turtlebot3_simulations:/home/omri/ros2_ws/install/my_robot_bringup:/home/omri/ros2_ws/install/turtlesim:/home/omri/ros2_ws/install/my_robot_interfaces:/home/omri/ros2_ws/install/my_robot_description:/home/omri/ros2_ws/install/my_cpp_pkg:/home/omri/ros2_ws/install/usb_camera:/home/omri/ros2_ws/install/turtlesim_catch_them_all:/home/omri/ros2_ws/install/turtlesim_camera:/home/omri/ros2_ws/install/turtle_position:/home/omri/ros2_ws/install/servo_tracker:/home/omri/ros2_ws/install/real_camera:/home/omri/ros2_ws/install/my_py_pkg:/home/omri/ros2_ws/install/actions_py:/home/omri/install/usb_camera:/home/omri/install/turtlesim_position:/home/omri/install/turtle_position:/home/omri/install/my_py_pkg:/home/omri/install/my_package:/opt/ros/humble /home/omri/.local/bin/cmake --install /home/omri/turtlebot3_ws/build/turtlebot3_simulations
[0.786s] Level 1:colcon.colcon_core.environment:checking '/home/omri/turtlebot3_ws/install/turtlebot3_simulations' for CMake config files
[0.786s] Level 1:colcon.colcon_core.shell:create_environment_hook('turtlebot3_simulations', 'cmake_prefix_path')
[0.786s] INFO:colcon.colcon_core.shell:Creating environment hook '/home/omri/turtlebot3_ws/install/turtlebot3_simulations/share/turtlebot3_simulations/hook/cmake_prefix_path.ps1'
[0.787s] INFO:colcon.colcon_core.shell:Creating environment descriptor '/home/omri/turtlebot3_ws/install/turtlebot3_simulations/share/turtlebot3_simulations/hook/cmake_prefix_path.dsv'
[0.787s] INFO:colcon.colcon_core.shell:Creating environment hook '/home/omri/turtlebot3_ws/install/turtlebot3_simulations/share/turtlebot3_simulations/hook/cmake_prefix_path.sh'
[0.788s] Level 1:colcon.colcon_core.environment:checking '/home/omri/turtlebot3_ws/install/turtlebot3_simulations/bin'
[0.788s] Level 1:colcon.colcon_core.environment:checking '/home/omri/turtlebot3_ws/install/turtlebot3_simulations/lib/pkgconfig/turtlebot3_simulations.pc'
[0.788s] Level 1:colcon.colcon_core.environment:checking '/home/omri/turtlebot3_ws/install/turtlebot3_simulations/lib/python3.10/site-packages'
[0.788s] Level 1:colcon.colcon_core.environment:checking '/home/omri/turtlebot3_ws/install/turtlebot3_simulations/bin'
[0.789s] INFO:colcon.colcon_core.shell:Creating package script '/home/omri/turtlebot3_ws/install/turtlebot3_simulations/share/turtlebot3_simulations/package.ps1'
[0.789s] INFO:colcon.colcon_core.shell:Creating package descriptor '/home/omri/turtlebot3_ws/install/turtlebot3_simulations/share/turtlebot3_simulations/package.dsv'
[0.789s] INFO:colcon.colcon_core.shell:Creating package script '/home/omri/turtlebot3_ws/install/turtlebot3_simulations/share/turtlebot3_simulations/package.sh'
[0.790s] INFO:colcon.colcon_core.shell:Creating package script '/home/omri/turtlebot3_ws/install/turtlebot3_simulations/share/turtlebot3_simulations/package.bash'
[0.790s] INFO:colcon.colcon_core.shell:Creating package script '/home/omri/turtlebot3_ws/install/turtlebot3_simulations/share/turtlebot3_simulations/package.zsh'
[0.790s] Level 1:colcon.colcon_core.environment:create_file_with_runtime_dependencies(/home/omri/turtlebot3_ws/install/turtlebot3_simulations/share/colcon-core/packages/turtlebot3_simulations)
[0.848s] Level 1:colcon.colcon_core.environment:create_environment_scripts_only(turtlebot3_simulations)
[0.848s] Level 1:colcon.colcon_core.environment:checking '/home/omri/turtlebot3_ws/install/turtlebot3_simulations' for CMake module files
[0.848s] Level 1:colcon.colcon_core.environment:checking '/home/omri/turtlebot3_ws/install/turtlebot3_simulations' for CMake config files
[0.849s] Level 1:colcon.colcon_core.shell:create_environment_hook('turtlebot3_simulations', 'cmake_prefix_path')
[0.849s] INFO:colcon.colcon_core.shell:Creating environment hook '/home/omri/turtlebot3_ws/install/turtlebot3_simulations/share/turtlebot3_simulations/hook/cmake_prefix_path.ps1'
[0.849s] INFO:colcon.colcon_core.shell:Creating environment descriptor '/home/omri/turtlebot3_ws/install/turtlebot3_simulations/share/turtlebot3_simulations/hook/cmake_prefix_path.dsv'
[0.849s] INFO:colcon.colcon_core.shell:Creating environment hook '/home/omri/turtlebot3_ws/install/turtlebot3_simulations/share/turtlebot3_simulations/hook/cmake_prefix_path.sh'
[0.850s] Level 1:colcon.colcon_core.environment:checking '/home/omri/turtlebot3_ws/install/turtlebot3_simulations/bin'
[0.850s] Level 1:colcon.colcon_core.environment:checking '/home/omri/turtlebot3_ws/install/turtlebot3_simulations/lib/pkgconfig/turtlebot3_simulations.pc'
[0.850s] Level 1:colcon.colcon_core.environment:checking '/home/omri/turtlebot3_ws/install/turtlebot3_simulations/lib/python3.10/site-packages'
[0.850s] Level 1:colcon.colcon_core.environment:checking '/home/omri/turtlebot3_ws/install/turtlebot3_simulations/bin'
[0.851s] INFO:colcon.colcon_core.shell:Creating package script '/home/omri/turtlebot3_ws/install/turtlebot3_simulations/share/turtlebot3_simulations/package.ps1'
[0.851s] INFO:colcon.colcon_core.shell:Creating package descriptor '/home/omri/turtlebot3_ws/install/turtlebot3_simulations/share/turtlebot3_simulations/package.dsv'
[0.852s] INFO:colcon.colcon_core.shell:Creating package script '/home/omri/turtlebot3_ws/install/turtlebot3_simulations/share/turtlebot3_simulations/package.sh'
[0.852s] INFO:colcon.colcon_core.shell:Creating package script '/home/omri/turtlebot3_ws/install/turtlebot3_simulations/share/turtlebot3_simulations/package.bash'
[0.852s] INFO:colcon.colcon_core.shell:Creating package script '/home/omri/turtlebot3_ws/install/turtlebot3_simulations/share/turtlebot3_simulations/package.zsh'
[0.853s] Level 1:colcon.colcon_core.environment:create_file_with_runtime_dependencies(/home/omri/turtlebot3_ws/install/turtlebot3_simulations/share/colcon-core/packages/turtlebot3_simulations)
[0.853s] DEBUG:colcon.colcon_parallel_executor.executor.parallel:closing loop
[0.853s] DEBUG:colcon.colcon_parallel_executor.executor.parallel:loop closed
[0.853s] DEBUG:colcon.colcon_parallel_executor.executor.parallel:run_until_complete finished with '0'
[0.854s] DEBUG:colcon.colcon_core.event_reactor:joining thread
[0.868s] INFO:colcon.colcon_core.plugin_system:Skipping extension 'colcon_notification.desktop_notification.terminal_notifier': Not used on non-Darwin systems
[0.868s] INFO:colcon.colcon_core.plugin_system:Skipping extension 'colcon_notification.desktop_notification.win32': Not used on non-Windows systems
[0.868s] INFO:colcon.colcon_notification.desktop_notification:Sending desktop notification using 'notify2'
[0.880s] DEBUG:colcon.colcon_core.event_reactor:joined thread
[0.880s] INFO:colcon.colcon_core.shell:Creating prefix script '/home/omri/turtlebot3_ws/install/local_setup.ps1'
[0.881s] INFO:colcon.colcon_core.shell:Creating prefix util module '/home/omri/turtlebot3_ws/install/_local_setup_util_ps1.py'
[0.883s] INFO:colcon.colcon_core.shell:Creating prefix chain script '/home/omri/turtlebot3_ws/install/setup.ps1'
[0.885s] INFO:colcon.colcon_core.shell:Creating prefix script '/home/omri/turtlebot3_ws/install/local_setup.sh'
[0.885s] INFO:colcon.colcon_core.shell:Creating prefix util module '/home/omri/turtlebot3_ws/install/_local_setup_util_sh.py'
[0.886s] INFO:colcon.colcon_core.shell:Creating prefix chain script '/home/omri/turtlebot3_ws/install/setup.sh'
[0.888s] INFO:colcon.colcon_core.shell:Creating prefix script '/home/omri/turtlebot3_ws/install/local_setup.bash'
[0.888s] INFO:colcon.colcon_core.shell:Creating prefix chain script '/home/omri/turtlebot3_ws/install/setup.bash'
[0.890s] INFO:colcon.colcon_core.shell:Creating prefix script '/home/omri/turtlebot3_ws/install/local_setup.zsh'
[0.890s] INFO:colcon.colcon_core.shell:Creating prefix chain script '/home/omri/turtlebot3_ws/install/setup.zsh'
